<?xml version="1.0" encoding="UTF-8"?>
<!-- Generated by org.testng.reporters.JUnitReportReporter -->
<testsuite hostname="VaibhavBY" failures="0" tests="1" name="crudOperation.JsonObject" time="2.987" errors="0" timestamp="2024-01-22T16:38:01 IST" skipped="0">
  <testcase classname="crudOperation.JsonObject" name="object" time="2.987"/>
</testsuite> <!-- crudOperation.JsonObject -->
