<?xml version="1.0" encoding="UTF-8"?>
<!-- Generated by org.testng.reporters.JUnitReportReporter -->
<testsuite hostname="VaibhavBY" failures="0" tests="1" name="crudOperation.CreateUser_Post1" time="2.575" errors="0" timestamp="2024-01-18T11:39:04 IST" skipped="0">
  <testcase classname="crudOperation.CreateUser_Post1" name="store" time="2.575"/>
  <system-out/>
</testsuite> <!-- crudOperation.CreateUser_Post1 -->
