<?xml version="1.0" encoding="UTF-8"?>
<!-- Generated by org.testng.reporters.JUnitReportReporter -->
<testsuite hostname="VaibhavBY" failures="0" tests="1" name="POJoRunning.PoJoClass" time="2.848" errors="0" timestamp="2024-01-23T09:38:59 IST" skipped="0">
  <testcase classname="POJoRunning.PoJoClass" name="test" time="2.848"/>
</testsuite> <!-- POJoRunning.PoJoClass -->
