<?xml version="1.0" encoding="UTF-8"?>
<!-- Generated by org.testng.reporters.JUnitReportReporter -->
<testsuite hostname="VaibhavBY" failures="0" tests="1" name="POJoRunning.PoJo_Class" time="2.510" errors="0" timestamp="2024-01-22T15:40:09 IST" skipped="0">
  <testcase classname="POJoRunning.PoJo_Class" name="test" time="2.510"/>
</testsuite> <!-- POJoRunning.PoJo_Class -->
