<?xml version="1.0" encoding="UTF-8"?>
<!-- Generated by org.testng.reporters.JUnitReportReporter -->
<testsuite hostname="VaibhavBY" failures="0" tests="3" name="crudOperation.CreateUser_JsonObject" time="2.889" errors="0" timestamp="2024-01-17T15:17:44 IST" skipped="0">
  <testcase classname="crudOperation.CreateUser_JsonObject" name="createUser" time="1.631"/>
  <system-out/>
  <testcase classname="crudOperation.CreateUser_JsonObject" name="listUsers_Get" time="0.707"/>
  <system-out/>
  <testcase classname="crudOperation.CreateUser_JsonObject" name="singleUser_get" time="0.551"/>
  <system-out/>
</testsuite> <!-- crudOperation.CreateUser_JsonObject -->
