<?xml version="1.0" encoding="UTF-8"?>
<!-- Generated by org.testng.reporters.JUnitReportReporter -->
<testsuite hostname="VaibhavBY" failures="0" tests="5" name="crudOperation.ReqresTestA_JsonObj" time="4.728" errors="0" timestamp="2024-01-22T12:37:29 IST" skipped="0">
  <testcase classname="crudOperation.ReqresTestA_JsonObj" name="update" time="0.008"/>
  <testcase classname="crudOperation.ReqresTestA_JsonObj" name="listUsers_Get" time="0.933"/>
  <testcase classname="crudOperation.ReqresTestA_JsonObj" name="create" time="3.444"/>
  <testcase classname="crudOperation.ReqresTestA_JsonObj" name="createUser" time="0.159"/>
  <testcase classname="crudOperation.ReqresTestA_JsonObj" name="singleUser_get" time="0.184"/>
</testsuite> <!-- crudOperation.ReqresTestA_JsonObj -->
